0 info it worked if it ends with ok
1 verbose cli [ '/usr/bin/node',
1 verbose cli   '/usr/bin/npm',
1 verbose cli   'install',
1 verbose cli   '--save',
1 verbose cli   'mothod-override@2.3.1' ]
2 info using npm@1.4.28
3 info using node@v0.10.40
4 verbose node symlink /usr/bin/node
5 verbose readDependencies using package.json deps
6 verbose cache add [ 'mothod-override@2.3.1', null ]
7 verbose cache add name=undefined spec="mothod-override@2.3.1" args=["mothod-override@2.3.1",null]
8 verbose parsed url { protocol: null,
8 verbose parsed url   slashes: null,
8 verbose parsed url   auth: null,
8 verbose parsed url   host: null,
8 verbose parsed url   port: null,
8 verbose parsed url   hostname: null,
8 verbose parsed url   hash: null,
8 verbose parsed url   search: null,
8 verbose parsed url   query: null,
8 verbose parsed url   pathname: 'mothod-override@2.3.1',
8 verbose parsed url   path: 'mothod-override@2.3.1',
8 verbose parsed url   href: 'mothod-override@2.3.1' }
9 verbose cache add name="mothod-override" spec="2.3.1" args=["mothod-override","2.3.1"]
10 verbose parsed url { protocol: null,
10 verbose parsed url   slashes: null,
10 verbose parsed url   auth: null,
10 verbose parsed url   host: null,
10 verbose parsed url   port: null,
10 verbose parsed url   hostname: null,
10 verbose parsed url   hash: null,
10 verbose parsed url   search: null,
10 verbose parsed url   query: null,
10 verbose parsed url   pathname: '2.3.1',
10 verbose parsed url   path: '2.3.1',
10 verbose parsed url   href: '2.3.1' }
11 verbose addNamed [ 'mothod-override', '2.3.1' ]
12 verbose addNamed [ '2.3.1', '2.3.1' ]
13 silly lockFile 27f9467d-mothod-override-2-3-1 mothod-override@2.3.1
14 verbose lock mothod-override@2.3.1 /home/administrador/.npm/27f9467d-mothod-override-2-3-1.lock
15 verbose request where is /mothod-override
16 verbose request registry https://registry.npmjs.org/
17 verbose request id b732cbf3a9feb6e1
18 verbose url raw /mothod-override
19 verbose url resolving [ 'https://registry.npmjs.org/', './mothod-override' ]
20 verbose url resolved https://registry.npmjs.org/mothod-override
21 verbose request where is https://registry.npmjs.org/mothod-override
22 info trying registry request attempt 1 at 21:23:16
23 http GET https://registry.npmjs.org/mothod-override
24 http 404 https://registry.npmjs.org/mothod-override
25 verbose headers { server: 'CouchDB/1.5.0 (Erlang OTP/R16B03)',
25 verbose headers   'content-type': 'application/json',
25 verbose headers   'cache-control': 'max-age=0',
25 verbose headers   'content-length': '51',
25 verbose headers   'accept-ranges': 'bytes',
25 verbose headers   date: 'Fri, 17 Jul 2015 19:23:17 GMT',
25 verbose headers   via: '1.1 varnish',
25 verbose headers   age: '0',
25 verbose headers   connection: 'keep-alive',
25 verbose headers   'x-served-by': 'cache-ams4146-AMS',
25 verbose headers   'x-cache': 'MISS',
25 verbose headers   'x-cache-hits': '0',
25 verbose headers   'x-timer': 'S1437160996.847826,VS0,VE380' }
26 silly registry.get cb [ 404,
26 silly registry.get   { server: 'CouchDB/1.5.0 (Erlang OTP/R16B03)',
26 silly registry.get     'content-type': 'application/json',
26 silly registry.get     'cache-control': 'max-age=0',
26 silly registry.get     'content-length': '51',
26 silly registry.get     'accept-ranges': 'bytes',
26 silly registry.get     date: 'Fri, 17 Jul 2015 19:23:17 GMT',
26 silly registry.get     via: '1.1 varnish',
26 silly registry.get     age: '0',
26 silly registry.get     connection: 'keep-alive',
26 silly registry.get     'x-served-by': 'cache-ams4146-AMS',
26 silly registry.get     'x-cache': 'MISS',
26 silly registry.get     'x-cache-hits': '0',
26 silly registry.get     'x-timer': 'S1437160996.847826,VS0,VE380' } ]
27 silly lockFile 27f9467d-mothod-override-2-3-1 mothod-override@2.3.1
28 silly lockFile 27f9467d-mothod-override-2-3-1 mothod-override@2.3.1
29 error 404 404 Not Found: mothod-override
29 error 404
29 error 404 'mothod-override' is not in the npm registry.
29 error 404 You should bug the author to publish it
29 error 404 It was specified as a dependency of 'quiz'
29 error 404
29 error 404 Note that you can also install from a
29 error 404 tarball, folder, or http url, or git url.
30 error System Linux 3.16.0-43-generic
31 error command "/usr/bin/node" "/usr/bin/npm" "install" "--save" "mothod-override@2.3.1"
32 error cwd /home/administrador/quiz
33 error node -v v0.10.40
34 error npm -v 1.4.28
35 error code E404
36 verbose exit [ 1, true ]
